14-Feb-2022 06:19:42.297 INFO [http-nio-8080-exec-1] org.apache.catalina.core.ApplicationContext.log Manager: init: Associated with Deployer 'Catalina:type=Deployer,host=localhost'
14-Feb-2022 06:19:42.297 INFO [http-nio-8080-exec-1] org.apache.catalina.core.ApplicationContext.log Manager: init: Global resources are available
14-Feb-2022 06:19:42.300 INFO [http-nio-8080-exec-1] org.apache.catalina.core.ApplicationContext.log Manager: deploy: Deploying web application '/jaas'
14-Feb-2022 06:19:42.300 INFO [http-nio-8080-exec-1] org.apache.catalina.core.ApplicationContext.log Manager: Uploading WAR file to /media/jacs/SEAGATE/dev/tomcat9058/webapps/jaas.war
14-Feb-2022 06:29:32.288 INFO [http-nio-8080-exec-7] org.apache.catalina.core.ApplicationContext.log Manager: deploy: Deploying web application '/jaas'
14-Feb-2022 06:37:40.504 INFO [http-nio-8080-exec-8] org.apache.catalina.core.ApplicationContext.log Manager: init: Associated with Deployer 'Catalina:type=Deployer,host=localhost'
14-Feb-2022 06:37:40.504 INFO [http-nio-8080-exec-8] org.apache.catalina.core.ApplicationContext.log Manager: init: Global resources are available
14-Feb-2022 06:37:40.505 INFO [http-nio-8080-exec-8] org.apache.catalina.core.ApplicationContext.log Manager: deploy: Deploying web application '/jaas'
14-Feb-2022 06:51:28.155 INFO [http-nio-8080-exec-7] org.apache.catalina.core.ApplicationContext.log Manager: init: Associated with Deployer 'Catalina:type=Deployer,host=localhost'
14-Feb-2022 06:51:28.155 INFO [http-nio-8080-exec-7] org.apache.catalina.core.ApplicationContext.log Manager: init: Global resources are available
14-Feb-2022 06:51:28.156 INFO [http-nio-8080-exec-7] org.apache.catalina.core.ApplicationContext.log Manager: deploy: Deploying web application '/jaas'
14-Feb-2022 07:42:46.986 INFO [http-nio-8080-exec-8] org.apache.catalina.core.ApplicationContext.log Manager: init: Associated with Deployer 'Catalina:type=Deployer,host=localhost'
14-Feb-2022 07:42:46.986 INFO [http-nio-8080-exec-8] org.apache.catalina.core.ApplicationContext.log Manager: init: Global resources are available
14-Feb-2022 07:42:46.987 INFO [http-nio-8080-exec-8] org.apache.catalina.core.ApplicationContext.log Manager: deploy: Deploying web application '/jaas'
14-Feb-2022 07:45:19.147 INFO [http-nio-8080-exec-6] org.apache.catalina.core.ApplicationContext.log Manager: init: Associated with Deployer 'Catalina:type=Deployer,host=localhost'
14-Feb-2022 07:45:19.147 INFO [http-nio-8080-exec-6] org.apache.catalina.core.ApplicationContext.log Manager: init: Global resources are available
14-Feb-2022 07:45:19.148 INFO [http-nio-8080-exec-6] org.apache.catalina.core.ApplicationContext.log Manager: deploy: Deploying web application '/jaas'
14-Feb-2022 07:54:57.602 INFO [http-nio-8080-exec-1] org.apache.catalina.core.ApplicationContext.log Manager: init: Associated with Deployer 'Catalina:type=Deployer,host=localhost'
14-Feb-2022 07:54:57.602 INFO [http-nio-8080-exec-1] org.apache.catalina.core.ApplicationContext.log Manager: init: Global resources are available
14-Feb-2022 07:54:57.605 INFO [http-nio-8080-exec-1] org.apache.catalina.core.ApplicationContext.log Manager: deploy: Deploying web application '/jaas'
14-Feb-2022 07:54:57.606 INFO [http-nio-8080-exec-1] org.apache.catalina.core.ApplicationContext.log Manager: Uploading WAR file to /media/jacs/SEAGATE/dev/tomcat9058/webapps/jaas.war
14-Feb-2022 08:00:21.285 INFO [http-nio-8080-exec-1] org.apache.catalina.core.ApplicationContext.log Manager: init: Associated with Deployer 'Catalina:type=Deployer,host=localhost'
14-Feb-2022 08:00:21.286 INFO [http-nio-8080-exec-1] org.apache.catalina.core.ApplicationContext.log Manager: init: Global resources are available
14-Feb-2022 08:00:21.289 INFO [http-nio-8080-exec-1] org.apache.catalina.core.ApplicationContext.log Manager: deploy: Deploying web application '/jaas'
14-Feb-2022 08:04:48.985 INFO [http-nio-8080-exec-1] org.apache.catalina.core.ApplicationContext.log Manager: deploy: Deploying web application '/jaas'
14-Feb-2022 08:04:48.986 INFO [http-nio-8080-exec-1] org.apache.catalina.core.ApplicationContext.log Manager: Uploading WAR file to /media/jacs/SEAGATE/dev/tomcat9058/webapps/jaas.war.tmp
14-Feb-2022 08:16:06.084 INFO [http-nio-8080-exec-1] org.apache.catalina.core.ApplicationContext.log Manager: init: Associated with Deployer 'Catalina:type=Deployer,host=localhost'
14-Feb-2022 08:16:06.084 INFO [http-nio-8080-exec-1] org.apache.catalina.core.ApplicationContext.log Manager: init: Global resources are available
14-Feb-2022 08:16:06.084 INFO [http-nio-8080-exec-1] org.apache.catalina.core.ApplicationContext.log Manager: deploy: Deploying web application '/jaas'
14-Feb-2022 08:16:06.085 INFO [http-nio-8080-exec-1] org.apache.catalina.core.ApplicationContext.log Manager: Uploading WAR file to /media/jacs/SEAGATE/dev/tomcat9058/webapps/jaas.war.tmp
14-Feb-2022 08:24:54.602 INFO [http-nio-8080-exec-15] org.apache.catalina.core.ApplicationContext.log Manager: deploy: Deploying web application '/jaas'
14-Feb-2022 08:24:54.602 INFO [http-nio-8080-exec-15] org.apache.catalina.core.ApplicationContext.log Manager: Uploading WAR file to /media/jacs/SEAGATE/dev/tomcat9058/webapps/jaas.war.tmp
14-Feb-2022 08:27:18.399 INFO [http-nio-8080-exec-26] org.apache.catalina.core.ApplicationContext.log Manager: deploy: Deploying web application '/jaas'
14-Feb-2022 08:27:18.399 INFO [http-nio-8080-exec-26] org.apache.catalina.core.ApplicationContext.log Manager: Uploading WAR file to /media/jacs/SEAGATE/dev/tomcat9058/webapps/jaas.war.tmp
14-Feb-2022 08:31:50.580 INFO [http-nio-8080-exec-31] org.apache.catalina.core.ApplicationContext.log Manager: deploy: Deploying web application '/jaas'
14-Feb-2022 08:31:50.580 INFO [http-nio-8080-exec-31] org.apache.catalina.core.ApplicationContext.log Manager: Uploading WAR file to /media/jacs/SEAGATE/dev/tomcat9058/webapps/jaas.war.tmp
14-Feb-2022 08:44:09.280 INFO [http-nio-8080-exec-45] org.apache.catalina.core.ApplicationContext.log Manager: deploy: Deploying web application '/jaas'
14-Feb-2022 08:44:09.280 INFO [http-nio-8080-exec-45] org.apache.catalina.core.ApplicationContext.log Manager: Uploading WAR file to /media/jacs/SEAGATE/dev/tomcat9058/webapps/jaas.war.tmp
14-Feb-2022 19:52:41.912 INFO [http-nio-8080-exec-59] org.apache.catalina.core.ApplicationContext.log Manager: deploy: Deploying web application '/jaas'
14-Feb-2022 19:52:41.912 INFO [http-nio-8080-exec-59] org.apache.catalina.core.ApplicationContext.log Manager: Uploading WAR file to /media/jacs/SEAGATE/dev/tomcat9058/webapps/jaas.war.tmp
14-Feb-2022 19:54:31.719 INFO [http-nio-8080-exec-61] org.apache.catalina.core.ApplicationContext.log Manager: deploy: Deploying web application '/jaas'
14-Feb-2022 19:54:31.720 INFO [http-nio-8080-exec-61] org.apache.catalina.core.ApplicationContext.log Manager: Uploading WAR file to /media/jacs/SEAGATE/dev/tomcat9058/webapps/jaas.war.tmp
14-Feb-2022 19:56:20.022 INFO [http-nio-8080-exec-63] org.apache.catalina.core.ApplicationContext.log Manager: deploy: Deploying web application '/comercio0'
14-Feb-2022 19:56:20.022 INFO [http-nio-8080-exec-63] org.apache.catalina.core.ApplicationContext.log Manager: Uploading WAR file to /media/jacs/SEAGATE/dev/tomcat9058/webapps/comercio0.war.tmp
14-Feb-2022 20:04:24.179 INFO [http-nio-8080-exec-68] org.apache.catalina.core.ApplicationContext.log Manager: deploy: Deploying web application '/comercio0'
14-Feb-2022 20:04:24.179 INFO [http-nio-8080-exec-68] org.apache.catalina.core.ApplicationContext.log Manager: Uploading WAR file to /media/jacs/SEAGATE/dev/tomcat9058/webapps/comercio0.war.tmp
14-Feb-2022 21:14:37.987 INFO [http-nio-8080-exec-73] org.apache.catalina.core.ApplicationContext.log Manager: deploy: Deploying web application '/comercio0'
14-Feb-2022 21:14:37.987 INFO [http-nio-8080-exec-73] org.apache.catalina.core.ApplicationContext.log Manager: Uploading WAR file to /media/jacs/SEAGATE/dev/tomcat9058/webapps/comercio0.war.tmp
14-Feb-2022 21:19:51.617 INFO [http-nio-8080-exec-85] org.apache.catalina.core.ApplicationContext.log Manager: deploy: Deploying web application '/comercio0'
14-Feb-2022 21:19:51.617 INFO [http-nio-8080-exec-85] org.apache.catalina.core.ApplicationContext.log Manager: Uploading WAR file to /media/jacs/SEAGATE/dev/tomcat9058/webapps/comercio0.war.tmp
14-Feb-2022 21:21:16.365 INFO [http-nio-8080-exec-94] org.apache.catalina.core.ApplicationContext.log Manager: deploy: Deploying web application '/comercio0'
14-Feb-2022 21:21:16.365 INFO [http-nio-8080-exec-94] org.apache.catalina.core.ApplicationContext.log Manager: Uploading WAR file to /media/jacs/SEAGATE/dev/tomcat9058/webapps/comercio0.war.tmp
14-Feb-2022 21:28:57.593 INFO [http-nio-8080-exec-103] org.apache.catalina.core.ApplicationContext.log Manager: deploy: Deploying web application '/comercio0'
14-Feb-2022 21:28:57.593 INFO [http-nio-8080-exec-103] org.apache.catalina.core.ApplicationContext.log Manager: Uploading WAR file to /media/jacs/SEAGATE/dev/tomcat9058/webapps/comercio0.war.tmp
14-Feb-2022 21:42:33.264 INFO [http-nio-8080-exec-111] org.apache.catalina.core.ApplicationContext.log Manager: deploy: Deploying web application '/comercio0'
14-Feb-2022 21:42:33.264 INFO [http-nio-8080-exec-111] org.apache.catalina.core.ApplicationContext.log Manager: Uploading WAR file to /media/jacs/SEAGATE/dev/tomcat9058/webapps/comercio0.war.tmp
14-Feb-2022 21:46:05.735 INFO [http-nio-8080-exec-1] org.apache.catalina.core.ApplicationContext.log Manager: init: Associated with Deployer 'Catalina:type=Deployer,host=localhost'
14-Feb-2022 21:46:05.735 INFO [http-nio-8080-exec-1] org.apache.catalina.core.ApplicationContext.log Manager: init: Global resources are available
14-Feb-2022 21:46:05.738 INFO [http-nio-8080-exec-1] org.apache.catalina.core.ApplicationContext.log Manager: deploy: Deploying web application '/comercio0'
14-Feb-2022 21:46:05.739 INFO [http-nio-8080-exec-1] org.apache.catalina.core.ApplicationContext.log Manager: Uploading WAR file to /media/jacs/SEAGATE/dev/tomcat9058/webapps/comercio0.war.tmp
14-Feb-2022 21:48:44.511 INFO [http-nio-8080-exec-5] org.apache.catalina.core.ApplicationContext.log Manager: deploy: Deploying web application '/comercio0'
14-Feb-2022 21:48:44.511 INFO [http-nio-8080-exec-5] org.apache.catalina.core.ApplicationContext.log Manager: Uploading WAR file to /media/jacs/SEAGATE/dev/tomcat9058/webapps/comercio0.war.tmp
14-Feb-2022 21:58:13.078 INFO [http-nio-8080-exec-11] org.apache.catalina.core.ApplicationContext.log Manager: deploy: Deploying web application '/comercio0'
14-Feb-2022 21:58:13.079 INFO [http-nio-8080-exec-11] org.apache.catalina.core.ApplicationContext.log Manager: Uploading WAR file to /media/jacs/SEAGATE/dev/tomcat9058/webapps/comercio0.war.tmp
14-Feb-2022 22:21:16.019 INFO [http-nio-8080-exec-1] org.apache.catalina.core.ApplicationContext.log Manager: init: Associated with Deployer 'Catalina:type=Deployer,host=localhost'
14-Feb-2022 22:21:16.019 INFO [http-nio-8080-exec-1] org.apache.catalina.core.ApplicationContext.log Manager: init: Global resources are available
14-Feb-2022 22:21:16.023 INFO [http-nio-8080-exec-1] org.apache.catalina.core.ApplicationContext.log Manager: deploy: Deploying web application '/comercio0'
14-Feb-2022 22:21:16.023 INFO [http-nio-8080-exec-1] org.apache.catalina.core.ApplicationContext.log Manager: Uploading WAR file to /media/jacs/SEAGATE/dev/tomcat9058/webapps/comercio0.war.tmp
14-Feb-2022 22:22:56.672 INFO [http-nio-8080-exec-11] org.apache.catalina.core.ApplicationContext.log Manager: deploy: Deploying web application '/comercio0'
14-Feb-2022 22:22:56.672 INFO [http-nio-8080-exec-11] org.apache.catalina.core.ApplicationContext.log Manager: Uploading WAR file to /media/jacs/SEAGATE/dev/tomcat9058/webapps/comercio0.war.tmp
