15-Feb-2022 07:14:38.847 INFO [http-nio-8080-exec-1] org.apache.catalina.core.ApplicationContext.log Manager: init: Associated with Deployer 'Catalina:type=Deployer,host=localhost'
15-Feb-2022 07:14:38.847 INFO [http-nio-8080-exec-1] org.apache.catalina.core.ApplicationContext.log Manager: init: Global resources are available
15-Feb-2022 07:14:38.850 INFO [http-nio-8080-exec-1] org.apache.catalina.core.ApplicationContext.log Manager: deploy: Deploying web application '/jaas'
15-Feb-2022 07:14:38.850 INFO [http-nio-8080-exec-1] org.apache.catalina.core.ApplicationContext.log Manager: Uploading WAR file to /media/jacs/SEAGATE/dev/tomcat9058/webapps/jaas.war.tmp
15-Feb-2022 07:15:38.647 INFO [http-nio-8080-exec-6] org.apache.catalina.core.ApplicationContext.log Manager: deploy: Deploying web application '/comercio1'
15-Feb-2022 07:15:38.647 INFO [http-nio-8080-exec-6] org.apache.catalina.core.ApplicationContext.log Manager: Uploading WAR file to /media/jacs/SEAGATE/dev/tomcat9058/webapps/comercio1.war.tmp
15-Feb-2022 07:25:16.167 INFO [http-nio-8080-exec-13] org.apache.catalina.core.ApplicationContext.log Manager: deploy: Deploying web application '/comercio1'
15-Feb-2022 07:25:16.167 INFO [http-nio-8080-exec-13] org.apache.catalina.core.ApplicationContext.log Manager: Uploading WAR file to /media/jacs/SEAGATE/dev/tomcat9058/webapps/comercio1.war.tmp
15-Feb-2022 07:26:11.949 INFO [http-nio-8080-exec-14] org.apache.catalina.core.ApplicationContext.log Manager: deploy: Deploying web application '/comercio1'
15-Feb-2022 07:26:11.949 INFO [http-nio-8080-exec-14] org.apache.catalina.core.ApplicationContext.log Manager: Uploading WAR file to /media/jacs/SEAGATE/dev/tomcat9058/webapps/comercio1.war.tmp
15-Feb-2022 07:44:01.420 INFO [http-nio-8080-exec-27] org.apache.catalina.core.ApplicationContext.log Manager: deploy: Deploying web application '/comercio1'
15-Feb-2022 07:44:01.421 INFO [http-nio-8080-exec-27] org.apache.catalina.core.ApplicationContext.log Manager: Uploading WAR file to /media/jacs/SEAGATE/dev/tomcat9058/webapps/comercio1.war.tmp
15-Feb-2022 07:59:25.589 INFO [http-nio-8080-exec-40] org.apache.catalina.core.ApplicationContext.log Manager: deploy: Deploying web application '/comercio1'
15-Feb-2022 07:59:25.589 INFO [http-nio-8080-exec-40] org.apache.catalina.core.ApplicationContext.log Manager: Uploading WAR file to /media/jacs/SEAGATE/dev/tomcat9058/webapps/comercio1.war.tmp
15-Feb-2022 08:03:57.807 INFO [http-nio-8080-exec-47] org.apache.catalina.core.ApplicationContext.log Manager: deploy: Deploying web application '/comercio1'
15-Feb-2022 08:03:57.807 INFO [http-nio-8080-exec-47] org.apache.catalina.core.ApplicationContext.log Manager: Uploading WAR file to /media/jacs/SEAGATE/dev/tomcat9058/webapps/comercio1.war.tmp
15-Feb-2022 08:30:47.992 INFO [http-nio-8080-exec-63] org.apache.catalina.core.ApplicationContext.log Manager: deploy: Deploying web application '/comercio1'
15-Feb-2022 08:30:47.992 INFO [http-nio-8080-exec-63] org.apache.catalina.core.ApplicationContext.log Manager: Uploading WAR file to /media/jacs/SEAGATE/dev/tomcat9058/webapps/comercio1.war.tmp
15-Feb-2022 09:37:36.646 INFO [http-nio-8080-exec-68] org.apache.catalina.core.ApplicationContext.log Manager: deploy: Deploying web application '/comercio2'
15-Feb-2022 09:37:36.646 INFO [http-nio-8080-exec-68] org.apache.catalina.core.ApplicationContext.log Manager: Uploading WAR file to /media/jacs/SEAGATE/dev/tomcat9058/webapps/comercio2.war.tmp
15-Feb-2022 09:53:57.509 INFO [http-nio-8080-exec-68] org.apache.catalina.core.ApplicationContext.log Manager: deploy: Deploying web application '/comercio2'
15-Feb-2022 09:53:57.509 INFO [http-nio-8080-exec-68] org.apache.catalina.core.ApplicationContext.log Manager: Uploading WAR file to /media/jacs/SEAGATE/dev/tomcat9058/webapps/comercio2.war.tmp
15-Feb-2022 10:14:45.409 INFO [http-nio-8080-exec-5] org.apache.catalina.core.ApplicationContext.log Manager: init: Associated with Deployer 'Catalina:type=Deployer,host=localhost'
15-Feb-2022 10:14:45.409 INFO [http-nio-8080-exec-5] org.apache.catalina.core.ApplicationContext.log Manager: init: Global resources are available
15-Feb-2022 10:14:45.409 INFO [http-nio-8080-exec-5] org.apache.catalina.core.ApplicationContext.log Manager: deploy: Deploying web application '/comercio2'
15-Feb-2022 10:14:45.409 INFO [http-nio-8080-exec-5] org.apache.catalina.core.ApplicationContext.log Manager: Uploading WAR file to /media/jacs/SEAGATE/dev/tomcat9058/webapps/comercio2.war.tmp
15-Feb-2022 10:18:37.751 INFO [http-nio-8080-exec-12] org.apache.catalina.core.ApplicationContext.log Manager: deploy: Deploying web application '/comercio2'
15-Feb-2022 10:18:37.751 INFO [http-nio-8080-exec-12] org.apache.catalina.core.ApplicationContext.log Manager: Uploading WAR file to /media/jacs/SEAGATE/dev/tomcat9058/webapps/comercio2.war.tmp
15-Feb-2022 10:22:06.401 INFO [http-nio-8080-exec-17] org.apache.catalina.core.ApplicationContext.log Manager: deploy: Deploying web application '/comercio2'
15-Feb-2022 10:22:06.402 INFO [http-nio-8080-exec-17] org.apache.catalina.core.ApplicationContext.log Manager: Uploading WAR file to /media/jacs/SEAGATE/dev/tomcat9058/webapps/comercio2.war.tmp
15-Feb-2022 10:35:35.384 INFO [http-nio-8080-exec-25] org.apache.catalina.core.ApplicationContext.log Manager: deploy: Deploying web application '/comercio2'
15-Feb-2022 10:35:35.384 INFO [http-nio-8080-exec-25] org.apache.catalina.core.ApplicationContext.log Manager: Uploading WAR file to /media/jacs/SEAGATE/dev/tomcat9058/webapps/comercio2.war.tmp
